jPSXdec: PSX media decoder (non-commercial) v1.05 (beta)
Windows 10 10.0
Java 1.8.0_321
2022-01-30 15:20:39
15:20 replace SEVERE: ?[0] is not completely in the bounds of the CD/file, extracting it will cause errors.
15:20 replace INFO: Patching #:0|ID:?[0]|Sectors:0-112|Type:XA|File:1|Channel:0|Stereo?:Yes|Samples/Sec:37800|Bits/Sample:4|Sector stride:8|Disc speed:2x
15:20 replace INFO: with #:0|ID:?[0]|Sectors:0-112|Type:XA|File:1|Channel:1|Stereo?:Yes|Samples/Sec:37800|Bits/Sample:4|Sector stride:8|Disc speed:2x
15:20 replace INFO: Patching sector XA Audio [Sector:0 M2 File.Channel:1.0 Submode:-R2--A--] Stereo 4 bits/sample 37800 samples/sec 0000000000000000000000000000000000000000 SILENT
15:20 replace INFO: with sector XA Audio [Sector:0 M2 File.Channel:1.1 Submode:-R2--A--] Stereo 4 bits/sample 37800 samples/sec 0000000000000000000000000000000000000000
15:20 jpsxdec.cdreaders.DiscPatcher INFO: Patch sector 0 @0 2,324 bytes
15:20 replace INFO: Patching sector XA Audio [Sector:8 M2 File.Channel:1.0 Submode:-R2--A--] Stereo 4 bits/sample 37800 samples/sec 0000000000000000000000000000000000000000 SILENT
15:20 replace INFO: with sector XA Audio [Sector:1 M2 File.Channel:1.1 Submode:-R2--A--] Stereo 4 bits/sample 37800 samples/sec 0000000000000000000000000000000000000000
15:20 jpsxdec.cdreaders.DiscPatcher INFO: Patch sector 8 @0 2,324 bytes
15:20 replace INFO: Patching sector XA Audio [Sector:16 M2 File.Channel:1.0 Submode:-R2--A--] Stereo 4 bits/sample 37800 samples/sec 0000000000000000000000000000000000000000
15:20 replace INFO: with sector XA Audio [Sector:2 M2 File.Channel:1.1 Submode:-R2--A--] Stereo 4 bits/sample 37800 samples/sec 0000000000000000000000000000000000000000
15:20 jpsxdec.cdreaders.DiscPatcher INFO: Patch sector 16 @0 2,324 bytes
15:20 replace INFO: Patching sector XA Audio [Sector:24 M2 File.Channel:1.0 Submode:-R2--A--] Stereo 4 bits/sample 37800 samples/sec 0000000000000000000000000000000000000000
15:20 replace INFO: with sector XA Audio [Sector:3 M2 File.Channel:1.1 Submode:-R2--A--] Stereo 4 bits/sample 37800 samples/sec 0000000000000000000000000000000000000000
15:20 jpsxdec.cdreaders.DiscPatcher INFO: Patch sector 24 @0 2,324 bytes
15:20 replace INFO: Patching sector XA Audio [Sector:32 M2 File.Channel:1.0 Submode:-R2--A--] Stereo 4 bits/sample 37800 samples/sec 0000000000000000000000000000000000000000
15:20 replace INFO: with sector XA Audio [Sector:4 M2 File.Channel:1.1 Submode:-R2--A--] Stereo 4 bits/sample 37800 samples/sec 0000000000000000000000000000000000000000
15:20 jpsxdec.cdreaders.DiscPatcher INFO: Patch sector 32 @0 2,324 bytes
15:20 replace INFO: Patching sector XA Audio [Sector:40 M2 File.Channel:1.0 Submode:-R2--A--] Stereo 4 bits/sample 37800 samples/sec 0000000000000000000000000000000000000000
15:20 replace INFO: with sector XA Audio [Sector:5 M2 File.Channel:1.1 Submode:-R2--A--] Stereo 4 bits/sample 37800 samples/sec 0000000000000000000000000000000000000000
15:20 jpsxdec.cdreaders.DiscPatcher INFO: Patch sector 40 @0 2,324 bytes
15:20 replace INFO: Patching sector XA Audio [Sector:48 M2 File.Channel:1.0 Submode:-R2--A--] Stereo 4 bits/sample 37800 samples/sec 0000000000000000000000000000000000000000
15:20 replace INFO: with sector XA Audio [Sector:6 M2 File.Channel:1.1 Submode:-R2--A--] Stereo 4 bits/sample 37800 samples/sec 0000000000000000000000000000000000000000
15:20 jpsxdec.cdreaders.DiscPatcher INFO: Patch sector 48 @0 2,324 bytes
15:20 replace INFO: Patching sector XA Audio [Sector:56 M2 File.Channel:1.0 Submode:-R2--A--] Stereo 4 bits/sample 37800 samples/sec 0000000000000000000000000000000000000000
15:20 replace INFO: with sector XA Audio [Sector:7 M2 File.Channel:1.1 Submode:-R2--A--] Stereo 4 bits/sample 37800 samples/sec 0000000000000000000000000000000000000000
15:20 jpsxdec.cdreaders.DiscPatcher INFO: Patch sector 56 @0 2,324 bytes
15:20 replace INFO: Patching sector XA Audio [Sector:64 M2 File.Channel:1.0 Submode:-R2--A--] Stereo 4 bits/sample 37800 samples/sec 0000000000000000000000000000000000000000
15:20 replace INFO: with sector XA Audio [Sector:8 M2 File.Channel:1.1 Submode:-R2--A--] Stereo 4 bits/sample 37800 samples/sec 0000000000000000000000000000000000000000
15:20 jpsxdec.cdreaders.DiscPatcher INFO: Patch sector 64 @0 2,324 bytes
15:20 replace INFO: Patching sector XA Audio [Sector:72 M2 File.Channel:1.0 Submode:-R2--A--] Stereo 4 bits/sample 37800 samples/sec 0000000000000000000000000000000000000000
15:20 replace INFO: with sector XA Audio [Sector:9 M2 File.Channel:1.1 Submode:-R2--A--] Stereo 4 bits/sample 37800 samples/sec 0000000000000000000000000000000000000000
15:20 jpsxdec.cdreaders.DiscPatcher INFO: Patch sector 72 @0 2,324 bytes
15:20 replace INFO: Patching sector XA Audio [Sector:80 M2 File.Channel:1.0 Submode:-R2--A--] Stereo 4 bits/sample 37800 samples/sec 0000000000000000000000000000000000000000
15:20 replace INFO: with sector XA Audio [Sector:10 M2 File.Channel:1.1 Submode:-R2--A--] Stereo 4 bits/sample 37800 samples/sec 0000000000000000000000000000000000000000
15:20 jpsxdec.cdreaders.DiscPatcher INFO: Patch sector 80 @0 2,324 bytes
15:20 replace INFO: Patching sector XA Audio [Sector:88 M2 File.Channel:1.0 Submode:-R2--A--] Stereo 4 bits/sample 37800 samples/sec 0000000000000000000000000000000000000000
15:20 replace INFO: with sector XA Audio [Sector:11 M2 File.Channel:1.1 Submode:-R2--A--] Stereo 4 bits/sample 37800 samples/sec 0000000000000000000000000000000000000000
15:20 jpsxdec.cdreaders.DiscPatcher INFO: Patch sector 88 @0 2,324 bytes
15:20 replace INFO: Patching sector XA Audio [Sector:96 M2 File.Channel:1.0 Submode:-R2--A--] Stereo 4 bits/sample 37800 samples/sec 0000000000000000000000000000000000000000
15:20 replace INFO: with sector XA Audio [Sector:12 M2 File.Channel:1.1 Submode:-R2--A--] Stereo 4 bits/sample 37800 samples/sec 0000000000000000000000000000000000000000
15:20 jpsxdec.cdreaders.DiscPatcher INFO: Patch sector 96 @0 2,324 bytes
15:20 replace INFO: Patching sector XA Audio [Sector:104 M2 File.Channel:1.0 Submode:-R2--A--] Stereo 4 bits/sample 37800 samples/sec 0000000000000000000000000000000000000000
15:20 replace INFO: with sector XA Audio [Sector:13 M2 File.Channel:1.1 Submode:-R2--A--] Stereo 4 bits/sample 37800 samples/sec 0000000000000000000000000000000000000000
15:20 jpsxdec.cdreaders.DiscPatcher INFO: Patch sector 104 @0 2,324 bytes
15:20 replace INFO: Patching sector XA Audio [Sector:112 M2 File.Channel:1.0 Submode:FR2--A--] Stereo 4 bits/sample 37800 samples/sec 0000000000000000000000000000000000000000
15:20 replace INFO: with sector XA Audio [Sector:14 M2 File.Channel:1.1 Submode:-R2--A--] Stereo 4 bits/sample 37800 samples/sec 0000000000000000000000000000000000000000
15:20 jpsxdec.cdreaders.DiscPatcher INFO: Patch sector 112 @0 2,324 bytes
15:20 replace INFO: Writing patched sector 0
15:20 jpsxdec.cdreaders.CdSector2336 INFO: No need to rebuild 2336 EDC
15:20 replace INFO: Writing patched sector 8
15:20 jpsxdec.cdreaders.CdSector2336 INFO: No need to rebuild 2336 EDC
15:20 replace INFO: Writing patched sector 16
15:20 jpsxdec.cdreaders.CdSector2336 INFO: No need to rebuild 2336 EDC
15:20 replace INFO: Writing patched sector 24
15:20 jpsxdec.cdreaders.CdSector2336 INFO: No need to rebuild 2336 EDC
15:20 replace INFO: Writing patched sector 32
15:20 jpsxdec.cdreaders.CdSector2336 INFO: No need to rebuild 2336 EDC
15:20 replace INFO: Writing patched sector 40
15:20 jpsxdec.cdreaders.CdSector2336 INFO: No need to rebuild 2336 EDC
15:20 replace INFO: Writing patched sector 48
15:20 jpsxdec.cdreaders.CdSector2336 INFO: No need to rebuild 2336 EDC
15:20 replace INFO: Writing patched sector 56
15:20 jpsxdec.cdreaders.CdSector2336 INFO: No need to rebuild 2336 EDC
15:20 replace INFO: Writing patched sector 64
15:20 jpsxdec.cdreaders.CdSector2336 INFO: No need to rebuild 2336 EDC
15:20 replace INFO: Writing patched sector 72
15:20 jpsxdec.cdreaders.CdSector2336 INFO: No need to rebuild 2336 EDC
15:20 replace INFO: Writing patched sector 80
15:20 jpsxdec.cdreaders.CdSector2336 INFO: No need to rebuild 2336 EDC
15:20 replace INFO: Writing patched sector 88
15:20 jpsxdec.cdreaders.CdSector2336 INFO: No need to rebuild 2336 EDC
15:20 replace INFO: Writing patched sector 96
15:20 jpsxdec.cdreaders.CdSector2336 INFO: No need to rebuild 2336 EDC
15:20 replace INFO: Writing patched sector 104
15:20 jpsxdec.cdreaders.CdSector2336 INFO: No need to rebuild 2336 EDC
15:20 jpsxdec.cdreaders.CdSector2336 INFO: No need to rebuild 2336 EDC
